<?xml version="1.0" encoding="UTF-8"?>
<!-- Generated by org.testng.reporters.JUnitXMLReporter -->
<testsuite ignored="0" hostname="DESKTOP-NO13G2C" failures="2" tests="2" name="Test" time="11.638" errors="0" timestamp="2023-08-30T11:19:48 IST">
  <testcase classname="com.actitime.generic.DemoAssertion2" name="verifyTitle" time="6.648">
    <failure type="java.lang.AssertionError" message="The following asserts failed:
	expected [Soogle] but found [Google]">
      <![CDATA[java.lang.AssertionError: The following asserts failed:
expected [Soogle] but found [Google]
at com.actitime.generic.DemoAssertion2.verifyTitle(DemoAssertion2.java:18)
at java.base/java.util.ArrayList.forEach(ArrayList.java:1511)
... Removed 27 stack frames]]>
    </failure>
  </testcase> <!-- verifyTitle -->
  <testcase classname="com.actitime.generic.DemoAssertion" name="verifyTitle" time="4.893">
    <failure type="java.lang.AssertionError" message="expected [Soogle] but found [Google]">
      <![CDATA[java.lang.AssertionError: expected [Soogle] but found [Google]
at com.actitime.generic.DemoAssertion.verifyTitle(DemoAssertion.java:15)
at java.base/java.util.ArrayList.forEach(ArrayList.java:1511)
... Removed 31 stack frames]]>
    </failure>
  </testcase> <!-- verifyTitle -->
</testsuite> <!-- Test -->
